# JRE version: Java(TM) SE Runtime Environment (8.0_181-b13) (build 1.8.0_181-b13)
# Java VM: Java HotSpot(TM) 64-Bit Server VM (25.181-b13 mixed mode linux-amd64 compressed oops)
Heap:
 PSYoungGen      total 312832K, used 46669K [0x00000000ec200000, 0x0000000100000000, 0x0000000100000000)
  eden space 301568K, 13% used [0x00000000ec200000,0x00000000ee998568,0x00000000fe880000)
  from space 11264K, 54% used [0x00000000fe880000,0x00000000fee7af40,0x00000000ff380000)
  to   space 11264K, 0% used [0x00000000ff500000,0x00000000ff500000,0x0000000100000000)
 ParOldGen       total 43520K, used 23932K [0x00000000c4600000, 0x00000000c7080000, 0x00000000ec200000)
  object space 43520K, 54% used [0x00000000c4600000,0x00000000c5d5f240,0x00000000c7080000)
 Metaspace       used 19124K, capacity 20248K, committed 20608K, reserved 1067008K
  class space    used 2641K, capacity 2864K, committed 2944K, reserved 1048576K
GC Heap History (10 events):
Event: 11,500 GC heap before
{Heap before GC invocations=14 (full 0):
 PSYoungGen      total 319488K, used 319467K [0x00000000ec200000, 0x0000000100000000, 0x0000000100000000)
  eden space 313856K, 100% used [0x00000000ec200000,0x00000000ff480000,0x00000000ff480000)
  from space 5632K, 99% used [0x00000000ff480000,0x00000000ff9faf40,0x00000000ffa00000)
  to   space 6144K, 0% used [0x00000000ffa00000,0x00000000ffa00000,0x0000000100000000)
 ParOldGen       total 40960K, used 21022K [0x00000000c4600000, 0x00000000c6e00000, 0x00000000ec200000)
  object space 40960K, 51% used [0x00000000c4600000,0x00000000c5a878b8,0x00000000c6e00000)
 Metaspace       used 18000K, capacity 19102K, committed 19328K, reserved 1064960K
  class space    used 2625K, capacity 2851K, committed 2944K, reserved 1048576K
Event: 11,517 GC heap after
Heap after GC invocations=14 (full 0):
 PSYoungGen      total 307200K, used 6139K [0x00000000ec200000, 0x0000000100000000, 0x0000000100000000)
  eden space 301056K, 0% used [0x00000000ec200000,0x00000000ec200000,0x00000000fe800000)
  from space 6144K, 99% used [0x00000000ffa00000,0x00000000ffffee78,0x0000000100000000)
  to   space 12288K, 0% used [0x00000000fe800000,0x00000000fe800000,0x00000000ff400000)
 ParOldGen       total 40960K, used 31758K [0x00000000c4600000, 0x00000000c6e00000, 0x00000000ec200000)
  object space 40960K, 77% used [0x00000000c4600000,0x00000000c6503b18,0x00000000c6e00000)
 Metaspace       used 18000K, capacity 19102K, committed 19328K, reserved 1064960K
  class space    used 2625K, capacity 2851K, committed 2944K, reserved 1048576K
}
Event: 11,612 GC heap before
{Heap before GC invocations=15 (full 0):
 PSYoungGen      total 307200K, used 307195K [0x00000000ec200000, 0x0000000100000000, 0x0000000100000000)
  eden space 301056K, 100% used [0x00000000ec200000,0x00000000fe800000,0x00000000fe800000)
  from space 6144K, 99% used [0x00000000ffa00000,0x00000000ffffee78,0x0000000100000000)
  to   space 12288K, 0% used [0x00000000fe800000,0x00000000fe800000,0x00000000ff400000)
 ParOldGen       total 40960K, used 31758K [0x00000000c4600000, 0x00000000c6e00000, 0x00000000ec200000)
  object space 40960K, 77% used [0x00000000c4600000,0x00000000c6503b18,0x00000000c6e00000)
 Metaspace       used 18000K, capacity 19102K, committed 19328K, reserved 1064960K
  class space    used 2625K, capacity 2851K, committed 2944K, reserved 1048576K
Event: 11,621 GC heap after
Heap after GC invocations=15 (full 0):
 PSYoungGen      total 313344K, used 5943K [0x00000000ec200000, 0x0000000100000000, 0x0000000100000000)
  eden space 301056K, 0% used [0x00000000ec200000,0x00000000ec200000,0x00000000fe800000)
  from space 12288K, 48% used [0x00000000fe800000,0x00000000fedcdc30,0x00000000ff400000)
  to   space 11776K, 0% used [0x00000000ff480000,0x00000000ff480000,0x0000000100000000)
 ParOldGen       total 40960K, used 37745K [0x00000000c4600000, 0x00000000c6e00000, 0x00000000ec200000)
  object space 40960K, 92% used [0x00000000c4600000,0x00000000c6adc508,0x00000000c6e00000)
 Metaspace       used 18000K, capacity 19102K, committed 19328K, reserved 1064960K
  class space    used 2625K, capacity 2851K, committed 2944K, reserved 1048576K
}
Event: 11,621 GC heap before
{Heap before GC invocations=16 (full 1):
 PSYoungGen      total 313344K, used 5943K [0x00000000ec200000, 0x0000000100000000, 0x0000000100000000)
  eden space 301056K, 0% used [0x00000000ec200000,0x00000000ec200000,0x00000000fe800000)
  from space 12288K, 48% used [0x00000000fe800000,0x00000000fedcdc30,0x00000000ff400000)
  to   space 11776K, 0% used [0x00000000ff480000,0x00000000ff480000,0x0000000100000000)
 ParOldGen       total 40960K, used 37745K [0x00000000c4600000, 0x00000000c6e00000, 0x00000000ec200000)
  object space 40960K, 92% used [0x00000000c4600000,0x00000000c6adc508,0x00000000c6e00000)
 Metaspace       used 18000K, capacity 19102K, committed 19328K, reserved 1064960K
  class space    used 2625K, capacity 2851K, committed 2944K, reserved 1048576K
Event: 11,648 GC heap after
Heap after GC invocations=16 (full 1):
 PSYoungGen      total 313344K, used 0K [0x00000000ec200000, 0x0000000100000000, 0x0000000100000000)
  eden space 301056K, 0% used [0x00000000ec200000,0x00000000ec200000,0x00000000fe800000)
  from space 12288K, 0% used [0x00000000fe800000,0x00000000fe800000,0x00000000ff400000)
  to   space 11776K, 0% used [0x00000000ff480000,0x00000000ff480000,0x0000000100000000)
 ParOldGen       total 43520K, used 18125K [0x00000000c4600000, 0x00000000c7080000, 0x00000000ec200000)
  object space 43520K, 41% used [0x00000000c4600000,0x00000000c57b3638,0x00000000c7080000)
 Metaspace       used 18000K, capacity 19102K, committed 19328K, reserved 1064960K
  class space    used 2625K, capacity 2851K, committed 2944K, reserved 1048576K
}
Event: 11,745 GC heap before
{Heap before GC invocations=17 (full 1):
 PSYoungGen      total 313344K, used 301056K [0x00000000ec200000, 0x0000000100000000, 0x0000000100000000)
  eden space 301056K, 100% used [0x00000000ec200000,0x00000000fe800000,0x00000000fe800000)
  from space 12288K, 0% used [0x00000000fe800000,0x00000000fe800000,0x00000000ff400000)
  to   space 11776K, 0% used [0x00000000ff480000,0x00000000ff480000,0x0000000100000000)
 ParOldGen       total 43520K, used 18125K [0x00000000c4600000, 0x00000000c7080000, 0x00000000ec200000)
  object space 43520K, 41% used [0x00000000c4600000,0x00000000c57b3638,0x00000000c7080000)
 Metaspace       used 18000K, capacity 19102K, committed 19328K, reserved 1064960K
  class space    used 2625K, capacity 2851K, committed 2944K, reserved 1048576K
Event: 11,748 GC heap after
Heap after GC invocations=17 (full 1):
 PSYoungGen      total 311808K, used 6098K [0x00000000ec200000, 0x00000000ffe80000, 0x0000000100000000)
  eden space 301568K, 0% used [0x00000000ec200000,0x00000000ec200000,0x00000000fe880000)
  from space 10240K, 59% used [0x00000000ff480000,0x00000000ffa74a40,0x00000000ffe80000)
  to   space 11264K, 0% used [0x00000000fe880000,0x00000000fe880000,0x00000000ff380000)
 ParOldGen       total 43520K, used 18125K [0x00000000c4600000, 0x00000000c7080000, 0x00000000ec200000)
  object space 43520K, 41% used [0x00000000c4600000,0x00000000c57b3638,0x00000000c7080000)
 Metaspace       used 18000K, capacity 19102K, committed 19328K, reserved 1064960K
  class space    used 2625K, capacity 2851K, committed 2944K, reserved 1048576K
}
Event: 11,831 GC heap before
{Heap before GC invocations=18 (full 1):
 PSYoungGen      total 311808K, used 307666K [0x00000000ec200000, 0x00000000ffe80000, 0x0000000100000000)
  eden space 301568K, 100% used [0x00000000ec200000,0x00000000fe880000,0x00000000fe880000)
  from space 10240K, 59% used [0x00000000ff480000,0x00000000ffa74a40,0x00000000ffe80000)
  to   space 11264K, 0% used [0x00000000fe880000,0x00000000fe880000,0x00000000ff380000)
 ParOldGen       total 43520K, used 18125K [0x00000000c4600000, 0x00000000c7080000, 0x00000000ec200000)
  object space 43520K, 41% used [0x00000000c4600000,0x00000000c57b3638,0x00000000c7080000)
 Metaspace       used 18000K, capacity 19102K, committed 19328K, reserved 1064960K
  class space    used 2625K, capacity 2851K, committed 2944K, reserved 1048576K
Event: 11,837 GC heap after
Heap after GC invocations=18 (full 1):
 PSYoungGen      total 312832K, used 6123K [0x00000000ec200000, 0x0000000100000000, 0x0000000100000000)
  eden space 301568K, 0% used [0x00000000ec200000,0x00000000ec200000,0x00000000fe880000)
  from space 11264K, 54% used [0x00000000fe880000,0x00000000fee7af40,0x00000000ff380000)
  to   space 11264K, 0% used [0x00000000ff500000,0x00000000ff500000,0x0000000100000000)
 ParOldGen       total 43520K, used 23932K [0x00000000c4600000, 0x00000000c7080000, 0x00000000ec200000)
  object space 43520K, 54% used [0x00000000c4600000,0x00000000c5d5f240,0x00000000c7080000)
 Metaspace       used 18000K, capacity 19102K, committed 19328K, reserved 1064960K
  class space    used 2625K, capacity 2851K, committed 2944K, reserved 1048576K
}

